<?xml version="1.0" encoding="UTF-8"?>
<!-- Generated by org.testng.reporters.JUnitXMLReporter -->
<testsuite hostname="CHELENL280" ignored="0" name="Test" tests="1" failures="1" timestamp="20 Dec 2019 05:50:57 GMT" time="309.381" errors="0">
  <testcase name="Toverifylink_US_Eng" time="277.742" classname="com.royalprestige.Rp_brokenlinks">
    <failure type="java.lang.AssertionError" message="expected [348] but found [362]">
      <![CDATA[java.lang.AssertionError: expected [348] but found [362]
at com.rp.qa.pages.activelink.verifyexcellink(activelink.java:79)
at com.royalprestige.Rp_brokenlinks.Toverifylink_US_Eng(Rp_brokenlinks.java:37)
... Removed 31 stack frames]]>
    </failure>
  </testcase> <!-- Toverifylink_US_Eng -->
</testsuite> <!-- Test -->
